[debug] [2017-11-30T15:57:34.257Z] ----------------------------------------------------------------------
[debug] [2017-11-30T15:57:34.262Z] Command:       /usr/local/bin/node /usr/local/bin/firebase --debug deploy
[debug] [2017-11-30T15:57:34.263Z] CLI Version:   3.10.0
[debug] [2017-11-30T15:57:34.263Z] Platform:      darwin
[debug] [2017-11-30T15:57:34.263Z] Node Version:  v8.9.1
[debug] [2017-11-30T15:57:34.263Z] Time:          Thu Nov 30 2017 08:57:34 GMT-0700 (MST)
[debug] [2017-11-30T15:57:34.263Z] ----------------------------------------------------------------------
[debug] 
[debug] [2017-11-30T15:57:34.271Z] > command requires scopes: ["email","openid","https://www.googleapis.com/auth/cloudplatformprojects.readonly","https://www.googleapis.com/auth/firebase","https://www.googleapis.com/auth/cloud-platform"]
[debug] [2017-11-30T15:57:34.272Z] > authorizing via signed-in user
[debug] [2017-11-30T15:57:34.273Z] >>> HTTP REQUEST GET https://admin.firebase.com/v1/projects/andfwas-ng-mail  
 Thu Nov 30 2017 08:57:34 GMT-0700 (MST)
[debug] [2017-11-30T15:57:34.561Z] <<< HTTP RESPONSE 200
[debug] [2017-11-30T15:57:34.562Z] >>> HTTP REQUEST GET https://admin.firebase.com/v1/database/andfwas-ng-mail/tokens  
 Thu Nov 30 2017 08:57:34 GMT-0700 (MST)
[debug] [2017-11-30T15:57:34.889Z] <<< HTTP RESPONSE 200
[info] 
[info] === Deploying to 'andfwas-ng-mail'...
[info] 
[info] i  deploying hosting
[info] i  hosting: preparing ./ directory for upload...
[debug] [2017-11-30T15:57:35.296Z] >>> HTTP REQUEST PUT https://deploy.firebase.com/v1/hosting/andfwas-ng-mail/uploads/-L-CdR8jooMWf8cenMAv?fileCount=116&message=  
 Thu Nov 30 2017 08:57:35 GMT-0700 (MST)
[debug] [2017-11-30T15:57:37.869Z] <<< HTTP RESPONSE 200
[debug] [2017-11-30T15:57:37.869Z] [hosting] .tgz uploaded successfully, waiting for extraction
[info] ✔  hosting: 116 files uploaded successfully
[info] i  starting release process (may take several minutes)...
[debug] [2017-11-30T15:57:38.919Z] >>> HTTP REQUEST POST https://deploy.firebase.com/v1/projects/andfwas-ng-mail/releases { hosting: 
   { public: './',
     ignore: [ 'firebase.json', '**/.*', '**/node_modules/**' ],
     rewrites: [ [Object] ],
     version: '-L-CdR8jooMWf8cenMAv',
     prefix: '-L-CdR8jooMWf8cenMAv/',
     manifest: [] } } 
 Thu Nov 30 2017 08:57:38 GMT-0700 (MST)
[debug] [2017-11-30T15:57:39.497Z] <<< HTTP RESPONSE 200
[info] 
[info] ✔  Deploy complete!
[info] 
[info] Project Console: https://console.firebase.google.com/project/andfwas-ng-mail/overview
[info] Hosting URL: https://andfwas-ng-mail.firebaseapp.com
[debug] [2017-11-30T15:58:53.620Z] ----------------------------------------------------------------------
[debug] [2017-11-30T15:58:53.622Z] Command:       /usr/local/bin/node /usr/local/bin/firebase deploy --debug
[debug] [2017-11-30T15:58:53.623Z] CLI Version:   3.10.0
[debug] [2017-11-30T15:58:53.623Z] Platform:      darwin
[debug] [2017-11-30T15:58:53.623Z] Node Version:  v8.9.1
[debug] [2017-11-30T15:58:53.623Z] Time:          Thu Nov 30 2017 08:58:53 GMT-0700 (MST)
[debug] [2017-11-30T15:58:53.623Z] ----------------------------------------------------------------------
[debug] 
[debug] [2017-11-30T15:58:53.631Z] > command requires scopes: ["email","openid","https://www.googleapis.com/auth/cloudplatformprojects.readonly","https://www.googleapis.com/auth/firebase","https://www.googleapis.com/auth/cloud-platform"]
[debug] [2017-11-30T15:58:53.632Z] > authorizing via signed-in user
[debug] [2017-11-30T15:58:53.633Z] >>> HTTP REQUEST GET https://admin.firebase.com/v1/projects/andfwas-ng-mail  
 Thu Nov 30 2017 08:58:53 GMT-0700 (MST)
[debug] [2017-11-30T15:58:53.960Z] <<< HTTP RESPONSE 200
[debug] [2017-11-30T15:58:53.961Z] >>> HTTP REQUEST GET https://admin.firebase.com/v1/database/andfwas-ng-mail/tokens  
 Thu Nov 30 2017 08:58:53 GMT-0700 (MST)
[debug] [2017-11-30T15:58:54.346Z] <<< HTTP RESPONSE 200
[info] 
[info] === Deploying to 'andfwas-ng-mail'...
[info] 
[info] i  deploying hosting
[info] i  hosting: preparing ./ directory for upload...
[debug] [2017-11-30T15:58:54.752Z] >>> HTTP REQUEST PUT https://deploy.firebase.com/v1/hosting/andfwas-ng-mail/uploads/-L-CdjYTCLTQ6FSAWryo?fileCount=116&message=  
 Thu Nov 30 2017 08:58:54 GMT-0700 (MST)
[debug] [2017-11-30T15:58:55.754Z] <<< HTTP RESPONSE 200
[debug] [2017-11-30T15:58:55.754Z] [hosting] .tgz uploaded successfully, waiting for extraction
[info] ✔  hosting: 116 files uploaded successfully
[info] i  starting release process (may take several minutes)...
[debug] [2017-11-30T15:58:56.906Z] >>> HTTP REQUEST POST https://deploy.firebase.com/v1/projects/andfwas-ng-mail/releases { hosting: 
   { public: './',
     ignore: [ 'firebase.json', '**/.*', '**/node_modules/**' ],
     rewrites: [ [Object] ],
     version: '-L-CdjYTCLTQ6FSAWryo',
     prefix: '-L-CdjYTCLTQ6FSAWryo/',
     manifest: [] } } 
 Thu Nov 30 2017 08:58:56 GMT-0700 (MST)
[debug] [2017-11-30T15:58:57.517Z] <<< HTTP RESPONSE 200
[info] 
[info] ✔  Deploy complete!
[info] 
[info] Project Console: https://console.firebase.google.com/project/andfwas-ng-mail/overview
[info] Hosting URL: https://andfwas-ng-mail.firebaseapp.com
